<?xml version="1.0" encoding="UTF-8"?>
<!-- Generated by org.testng.reporters.JUnitReportReporter -->
<testsuite skipped="0" hostname="Balaji" name="Calculator.Calculator.ExampleTest3" tests="4" failures="0" timestamp="05 Mar 2018 16:53:48 GMT" time="34.940" errors="0">
  <testcase name="f" time="9.041" classname="Calculator.Calculator.ExampleTest3"/>
  <testcase name="f" time="7.668" classname="Calculator.Calculator.ExampleTest3"/>
  <testcase name="f" time="8.955" classname="Calculator.Calculator.ExampleTest3"/>
  <testcase name="f" time="9.276" classname="Calculator.Calculator.ExampleTest3"/>
</testsuite> <!-- Calculator.Calculator.ExampleTest3 -->
