<?xml version="1.0" encoding="UTF-8"?>
<!-- Generated by org.testng.reporters.JUnitReportReporter -->
<testsuite skipped="0" hostname="Balaji" name="Calculator.Calculator.ExampleTest" tests="4" failures="0" timestamp="17 Jan 2018 18:45:56 GMT" time="30.627" errors="0">
  <testcase name="f" time="6.880" classname="Calculator.Calculator.ExampleTest"/>
  <testcase name="f" time="8.268" classname="Calculator.Calculator.ExampleTest"/>
  <testcase name="f" time="7.734" classname="Calculator.Calculator.ExampleTest"/>
  <testcase name="f" time="7.745" classname="Calculator.Calculator.ExampleTest"/>
</testsuite> <!-- Calculator.Calculator.ExampleTest -->
